<?xml version="1.0" encoding="UTF-8"?>
<!-- Generated by org.testng.reporters.JUnitReportReporter -->
<testsuite hostname="DESKTOP-TORV7AO" failures="0" tests="1" name="testcases.Login" time="25.449" errors="0" timestamp="2025-03-05T11:46:43 IST" skipped="0">
  <testcase classname="testcases.Login" name="LoginData" time="25.449"/>
  <system-out/>
</testsuite> <!-- testcases.Login -->
