<?xml version="1.0" encoding="UTF-8"?>
<!-- Generated by org.testng.reporters.JUnitReportReporter -->
<testsuite hostname="DESKTOP-B7TA9U2" failures="0" tests="1" name="testcases.Login" time="26.015" errors="0" timestamp="2025-05-27T18:17:01 IST" skipped="0">
  <testcase classname="testcases.Login" name="LoginData" time="26.015"/>
</testsuite> <!-- testcases.Login -->
