<?xml version="1.0" encoding="UTF-8"?>
<!-- Generated by org.testng.reporters.JUnitReportReporter -->
<testsuite hostname="DESKTOP-B7TA9U2" failures="0" tests="1" name="pom.Test.LogInTest" time="4.739" errors="0" timestamp="2025-06-10T16:01:42 IST" skipped="0">
  <testcase classname="pom.Test.LogInTest" name="logIn" time="4.739"/>
</testsuite> <!-- pom.Test.LogInTest -->
