<?xml version="1.0" encoding="UTF-8"?>
<!-- Generated by org.testng.reporters.JUnitReportReporter -->
<testsuite hostname="DESKTOP-B7TA9U2" failures="0" tests="1" name="testcases.Menu" time="4.110" errors="0" timestamp="2025-03-05T18:30:44 IST" skipped="0">
  <testcase classname="testcases.Menu" name="clickMenuTab" time="4.110"/>
</testsuite> <!-- testcases.Menu -->
