<?xml version="1.0" encoding="UTF-8"?>
<!-- Generated by org.testng.reporters.JUnitReportReporter -->
<testsuite hostname="DESKTOP-B7TA9U2" failures="0" tests="1" name="testcases.Login" time="25.602" errors="0" timestamp="2025-05-28T13:35:24 IST" skipped="0">
  <testcase classname="testcases.Login" name="LoginData" time="25.602"/>
</testsuite> <!-- testcases.Login -->
