<?xml version="1.0" encoding="UTF-8"?>
<!-- Generated by org.testng.reporters.JUnitReportReporter -->
<testsuite hostname="DESKTOP-B7TA9U2" failures="0" tests="1" name="testcases.Login" time="25.462" errors="0" timestamp="2025-03-05T18:30:44 IST" skipped="0">
  <testcase classname="testcases.Login" name="LoginData" time="25.462"/>
</testsuite> <!-- testcases.Login -->
