<?xml version="1.0" encoding="UTF-8"?>
<!-- Generated by org.testng.reporters.JUnitReportReporter -->
<testsuite hostname="DESKTOP-TORV7AO" failures="0" tests="1" name="testcases.TestShopProfile" time="0.000" errors="0" timestamp="2025-03-04T14:57:06 IST" skipped="1">
  <testcase classname="testcases.TestShopProfile" name="testShadowDOM" time="0.000">
    <skipped/>
  </testcase> <!-- testShadowDOM -->
  <system-out/>
</testsuite> <!-- testcases.TestShopProfile -->
