<?xml version="1.0" encoding="UTF-8"?>
<!-- Generated by org.testng.reporters.JUnitReportReporter -->
<testsuite hostname="DESKTOP-B7TA9U2" failures="0" tests="1" name="testcases.NewAppointment" time="16.397" errors="0" timestamp="2025-03-06T10:23:36 IST" skipped="0">
  <testcase classname="testcases.NewAppointment" name="NewAppointment" time="16.397"/>
</testsuite> <!-- testcases.NewAppointment -->
