<?xml version="1.0" encoding="UTF-8"?>
<!-- Generated by org.testng.reporters.JUnitReportReporter -->
<testsuite hostname="DESKTOP-TORV7AO" failures="0" tests="1" name="testcases.Login" time="25.504" errors="0" timestamp="2025-02-25T13:05:32 IST" skipped="0">
  <testcase classname="testcases.Login" name="LoginData" time="25.504"/>
  <system-out/>
</testsuite> <!-- testcases.Login -->
