<?xml version="1.0" encoding="UTF-8"?>
<!-- Generated by org.testng.reporters.JUnitReportReporter -->
<testsuite hostname="DESKTOP-B7TA9U2" failures="0" tests="1" name="testcases.GenerateLink" time="22.587" errors="0" timestamp="2025-05-12T17:12:36 IST" skipped="0">
  <testcase classname="testcases.GenerateLink" name="Generatelink" time="22.587"/>
</testsuite> <!-- testcases.GenerateLink -->
