<?xml version="1.0" encoding="UTF-8"?>
<!-- Generated by org.testng.reporters.JUnitReportReporter -->
<testsuite hostname="DESKTOP-B7TA9U2" failures="0" tests="2" name="testcases.Calendar" time="59.802" errors="0" timestamp="2025-03-07T17:38:43 IST" skipped="0">
  <testcase classname="testcases.Calendar" name="NewAppointment" time="34.349"/>
  <testcase classname="testcases.Calendar" name="GenerateLink" time="25.453"/>
</testsuite> <!-- testcases.Calendar -->
