<?xml version="1.0" encoding="UTF-8"?>
<!-- Generated by org.testng.reporters.JUnitReportReporter -->
<testsuite hostname="DESKTOP-B7TA9U2" failures="0" tests="1" name="testcases.Login" time="25.565" errors="0" timestamp="2025-03-07T17:38:43 IST" skipped="0">
  <testcase classname="testcases.Login" name="LoginData" time="25.565"/>
</testsuite> <!-- testcases.Login -->
