<?xml version="1.0" encoding="UTF-8"?>
<!-- Generated by org.testng.reporters.JUnitReportReporter -->
<testsuite hostname="DESKTOP-TORV7AO" failures="0" tests="1" name="testcases.Menu" time="4.122" errors="0" timestamp="2025-03-05T11:46:43 IST" skipped="0">
  <testcase classname="testcases.Menu" name="clickMenuTab" time="4.122"/>
  <system-out/>
</testsuite> <!-- testcases.Menu -->
