<?xml version="1.0" encoding="UTF-8"?>
<!-- Generated by org.testng.reporters.JUnitReportReporter -->
<testsuite hostname="DESKTOP-B7TA9U2" failures="0" tests="1" name="testcases.Menu" time="4.125" errors="0" timestamp="2025-03-07T17:38:43 IST" skipped="0">
  <testcase classname="testcases.Menu" name="clickMenuTab" time="4.125"/>
</testsuite> <!-- testcases.Menu -->
