<?xml version="1.0" encoding="UTF-8"?>
<!-- Generated by org.testng.reporters.JUnitReportReporter -->
<testsuite hostname="DESKTOP-B7TA9U2" failures="0" tests="1" name="pom.Test.LogInTest" time="21.253" errors="0" timestamp="2025-05-28T20:03:12 IST" skipped="0">
  <testcase classname="pom.Test.LogInTest" name="logIn" time="21.253"/>
</testsuite> <!-- pom.Test.LogInTest -->
