<?xml version="1.0" encoding="UTF-8"?>
<!-- Generated by org.testng.reporters.JUnitReportReporter -->
<testsuite hostname="DESKTOP-TORV7AO" failures="0" tests="1" name="testcases.Menu" time="13.513" errors="0" timestamp="2025-02-25T13:05:32 IST" skipped="0">
  <testcase classname="testcases.Menu" name="clickMenuTab" time="13.513"/>
  <system-out/>
</testsuite> <!-- testcases.Menu -->
